0 verbose cli /Users/rehdhil/.nvm/versions/node/v19.9.0/bin/node /Users/rehdhil/.nvm/versions/node/v19.9.0/bin/npm
1 info using npm@9.6.3
2 info using node@v19.9.0
3 timing npm:load:whichnode Completed in 0ms
4 timing config:load:defaults Completed in 1ms
5 timing config:load:file:/Users/rehdhil/.nvm/versions/node/v19.9.0/lib/node_modules/npm/npmrc Completed in 0ms
6 timing config:load:builtin Completed in 0ms
7 timing config:load:cli Completed in 1ms
8 timing config:load:env Completed in 0ms
9 timing config:load:project Completed in 1ms
10 timing config:load:file:/Users/rehdhil/Downloads/EME 23 Feb 6-27PM/EME/eme-react-app/.npmrc Completed in 0ms
11 timing config:load:user Completed in 0ms
12 timing config:load:file:/Users/rehdhil/.nvm/versions/node/v19.9.0/etc/npmrc Completed in 0ms
13 timing config:load:global Completed in 0ms
14 timing config:load:setEnvs Completed in 0ms
15 timing config:load Completed in 3ms
16 timing npm:load:configload Completed in 3ms
17 timing npm:load:mkdirpcache Completed in 0ms
18 timing npm:load:mkdirplogs Completed in 0ms
19 verbose title npm install gsap @gsap/react three @react-three/fiber @react-three/drei clsx tailwind-merge framer-motion lucide-react
20 verbose argv "install" "gsap" "@gsap/react" "three" "@react-three/fiber" "@react-three/drei" "clsx" "tailwind-merge" "framer-motion" "lucide-react"
21 timing npm:load:setTitle Completed in 8ms
22 timing config:load:flatten Completed in 1ms
23 timing npm:load:display Completed in 1ms
24 verbose logfile logs-max:10 dir:/Users/rehdhil/Downloads/EME 23 Feb 6-27PM/EME/eme-react-app/.npm-cache/_logs/2026-02-24T00_16_32_598Z-
25 verbose logfile /Users/rehdhil/Downloads/EME 23 Feb 6-27PM/EME/eme-react-app/.npm-cache/_logs/2026-02-24T00_16_32_598Z-debug-0.log
26 timing npm:load:logFile Completed in 3ms
27 timing npm:load:timers Completed in 0ms
28 timing npm:load:configScope Completed in 0ms
29 timing npm:load Completed in 16ms
30 timing arborist:ctor Completed in 0ms
31 timing arborist:ctor Completed in 0ms
32 silly logfile done cleaning log files
33 verbose shrinkwrap failed to load node_modules/.package-lock.json [Error: EPERM: operation not permitted, stat '/Users/rehdhil/Downloads/EME 23 Feb 6-27PM/EME/eme-react-app/node_modules'] {
33 verbose shrinkwrap   errno: -1,
33 verbose shrinkwrap   code: 'EPERM',
33 verbose shrinkwrap   syscall: 'stat',
33 verbose shrinkwrap   path: '/Users/rehdhil/Downloads/EME 23 Feb 6-27PM/EME/eme-react-app/node_modules'
33 verbose shrinkwrap }
34 verbose shrinkwrap failed to load node_modules/.package-lock.json [Error: EPERM: operation not permitted, stat '/Users/rehdhil/Downloads/EME 23 Feb 6-27PM/EME/eme-react-app/node_modules'] {
34 verbose shrinkwrap   errno: -1,
34 verbose shrinkwrap   code: 'EPERM',
34 verbose shrinkwrap   syscall: 'stat',
34 verbose shrinkwrap   path: '/Users/rehdhil/Downloads/EME 23 Feb 6-27PM/EME/eme-react-app/node_modules'
34 verbose shrinkwrap }
35 timing idealTree:init Completed in 12ms
36 timing idealTree:userRequests Completed in 2ms
37 silly idealTree buildDeps
38 silly fetch manifest react@^18
39 http fetch GET 200 https://registry.npmjs.org/react 9ms (cache hit)
40 silly fetch manifest react-dom@^18
41 http fetch GET 200 https://registry.npmjs.org/react-dom 10ms (cache hit)
42 silly fetch manifest next@14.2.3
43 http fetch GET 200 https://registry.npmjs.org/next 33ms (cache hit)
44 silly fetch manifest @opentelemetry/api@^1.1.0
45 http fetch GET 200 https://registry.npmjs.org/@opentelemetry%2fapi 182ms (cache miss)
46 silly fetch manifest @playwright/test@^1.41.2
47 http fetch GET 200 https://registry.npmjs.org/@playwright%2ftest 1637ms (cache miss)
48 silly fetch manifest sass@^1.3.0
49 http fetch GET 200 https://registry.npmjs.org/sass 74ms (cache miss)
50 silly fetch manifest gsap@*
51 http fetch GET 200 https://registry.npmjs.org/gsap 5ms (cache hit)
52 silly fetch manifest @gsap/react@*
53 http fetch GET 200 https://registry.npmjs.org/@gsap%2freact 2ms (cache hit)
54 silly fetch manifest three@*
55 http fetch GET 200 https://registry.npmjs.org/three 2ms (cache hit)
56 silly fetch manifest @react-three/fiber@*
57 http fetch GET 200 https://registry.npmjs.org/@react-three%2ffiber 2ms (cache hit)
58 silly fetch manifest expo@>=43.0
59 http fetch GET 200 https://registry.npmjs.org/expo 4ms (cache hit)
60 silly fetch manifest @expo/dom-webview@*
61 http fetch GET 200 https://registry.npmjs.org/@expo%2fdom-webview 2ms (cache hit)
62 silly fetch manifest react-native@*
63 http fetch GET 200 https://registry.npmjs.org/react-native 11ms (cache hit)
64 silly fetch manifest @types/react@^18
65 http fetch GET 200 https://registry.npmjs.org/@types%2freact 3ms (cache hit)
66 silly fetch manifest @types/react@^19.1.1
67 silly fetch manifest react@^19.2.3
68 silly fetch manifest @expo/metro-runtime@*
69 http fetch GET 200 https://registry.npmjs.org/@expo%2fmetro-runtime 4ms (cache hit)
70 silly fetch manifest react-native-webview@*
71 http fetch GET 200 https://registry.npmjs.org/react-native-webview 3ms (cache hit)
72 silly fetch manifest expo-asset@>=8.4
73 http fetch GET 200 https://registry.npmjs.org/expo-asset 3ms (cache hit)
74 silly fetch manifest expo-file-system@>=11.0
75 http fetch GET 200 https://registry.npmjs.org/expo-file-system 2ms (cache hit)
76 silly fetch manifest expo-gl@>=11.0
77 http fetch GET 200 https://registry.npmjs.org/expo-gl 2ms (cache hit)
78 silly fetch manifest react-native-reanimated@*
79 http fetch GET 200 https://registry.npmjs.org/react-native-reanimated 7ms (cache hit)
80 silly fetch manifest react-native-worklets@>=0.7.0
81 http fetch GET 200 https://registry.npmjs.org/react-native-worklets 3ms (cache hit)
82 silly fetch manifest @babel/core@*
83 http fetch GET 200 https://registry.npmjs.org/@babel%2fcore 4ms (cache hit)
84 silly fetch manifest react-native-web@*
85 http fetch GET 200 https://registry.npmjs.org/react-native-web 3ms (cache hit)
86 silly fetch manifest react@>=19 <19.3
87 timing idealTree Completed in 2522ms
88 timing command:install Completed in 2527ms
89 verbose stack Error: unable to resolve dependency tree
89 verbose stack     at [failPeerConflict] (/Users/rehdhil/.nvm/versions/node/v19.9.0/lib/node_modules/npm/node_modules/@npmcli/arborist/lib/arborist/build-ideal-tree.js:1381:25)
89 verbose stack     at [loadPeerSet] (/Users/rehdhil/.nvm/versions/node/v19.9.0/lib/node_modules/npm/node_modules/@npmcli/arborist/lib/arborist/build-ideal-tree.js:1374:30)
89 verbose stack     at async [buildDepStep] (/Users/rehdhil/.nvm/versions/node/v19.9.0/lib/node_modules/npm/node_modules/@npmcli/arborist/lib/arborist/build-ideal-tree.js:929:11)
89 verbose stack     at async Arborist.buildIdealTree (/Users/rehdhil/.nvm/versions/node/v19.9.0/lib/node_modules/npm/node_modules/@npmcli/arborist/lib/arborist/build-ideal-tree.js:207:7)
89 verbose stack     at async Promise.all (index 1)
89 verbose stack     at async Arborist.reify (/Users/rehdhil/.nvm/versions/node/v19.9.0/lib/node_modules/npm/node_modules/@npmcli/arborist/lib/arborist/reify.js:159:5)
89 verbose stack     at async Install.exec (/Users/rehdhil/.nvm/versions/node/v19.9.0/lib/node_modules/npm/lib/commands/install.js:146:5)
89 verbose stack     at async module.exports (/Users/rehdhil/.nvm/versions/node/v19.9.0/lib/node_modules/npm/lib/cli.js:89:5)
90 verbose cwd /Users/rehdhil/Downloads/EME 23 Feb 6-27PM/EME/eme-react-app
91 verbose Darwin 25.3.0
92 verbose node v19.9.0
93 verbose npm  v9.6.3
94 error code ERESOLVE
95 error ERESOLVE unable to resolve dependency tree
96 error
97 error While resolving: [1meme-react-app[22m@[1m0.1.0[22m
97 error Found: [1mreact[22m@[1m18.3.1[22m[2m[22m
97 error [2mnode_modules/react[22m
97 error   [1mreact[22m@"[1m^18[22m" from the root project
97 error   [35mpeer[39m [1mreact[22m@"[1m*[22m" from [1mexpo[22m@[1m54.0.33[22m[2m[22m
97 error   [2mnode_modules/expo[22m
97 error     peerOptional [1mexpo[22m@"[1m>=43.0[22m" from [1m@react-three/fiber[22m@[1m9.5.0[22m[2m[22m
97 error     [2mnode_modules/@react-three/fiber[22m
97 error       [1m@react-three/fiber[22m@"[1m*[22m" from the root project
97 error     [35mpeer[39m [1mexpo[22m@"[1m*[22m" from [1m@expo/dom-webview[22m@[1m0.2.8[22m[2m[22m
97 error     [2mnode_modules/@expo/dom-webview[22m
97 error       peerOptional [1m@expo/dom-webview[22m@"[1m*[22m" from [1mexpo[22m@[1m54.0.33[22m
97 error     4 more (@expo/metro-runtime, expo-asset, expo-file-system, expo-gl)
97 error   9 more (@expo/dom-webview, @expo/metro-runtime, react-dom, ...)
97 error
97 error Could not resolve dependency:
97 error [35mpeer[39m [1mreact[22m@"[1m>=19 <19.3[22m" from [1m@react-three/fiber[22m@[1m9.5.0[22m[2m[22m
97 error [2mnode_modules/@react-three/fiber[22m
97 error   [1m@react-three/fiber[22m@"[1m*[22m" from the root project
97 error
97 error Fix the upstream dependency conflict, or retry
97 error this command with --force or --legacy-peer-deps
97 error to accept an incorrect (and potentially broken) dependency resolution.
98 error
98 error
98 error For a full report see:
98 error /Users/rehdhil/Downloads/EME 23 Feb 6-27PM/EME/eme-react-app/.npm-cache/_logs/2026-02-24T00_16_32_598Z-eresolve-report.txt
99 verbose exit 1
100 timing npm Completed in 2553ms
101 verbose unfinished npm timer reify 1771892192623
102 verbose unfinished npm timer reify:loadTrees 1771892192624
103 verbose unfinished npm timer idealTree:buildDeps 1771892192639
104 verbose unfinished npm timer idealTree:#root 1771892192639
105 verbose code 1
106 error A complete log of this run can be found in: /Users/rehdhil/Downloads/EME 23 Feb 6-27PM/EME/eme-react-app/.npm-cache/_logs/2026-02-24T00_16_32_598Z-debug-0.log
