0 verbose cli /Users/rehdhil/.nvm/versions/node/v19.9.0/bin/node /Users/rehdhil/.nvm/versions/node/v19.9.0/bin/npm
1 info using npm@9.6.3
2 info using node@v19.9.0
3 timing npm:load:whichnode Completed in 0ms
4 timing config:load:defaults Completed in 1ms
5 timing config:load:file:/Users/rehdhil/.nvm/versions/node/v19.9.0/lib/node_modules/npm/npmrc Completed in 0ms
6 timing config:load:builtin Completed in 0ms
7 timing config:load:cli Completed in 1ms
8 timing config:load:env Completed in 1ms
9 timing config:load:project Completed in 0ms
10 timing config:load:file:/Users/rehdhil/Downloads/EME 23 Feb 6-27PM/EME/eme-react-app/.npmrc Completed in 0ms
11 timing config:load:user Completed in 0ms
12 timing config:load:file:/Users/rehdhil/.nvm/versions/node/v19.9.0/etc/npmrc Completed in 0ms
13 timing config:load:global Completed in 0ms
14 timing config:load:setEnvs Completed in 1ms
15 timing config:load Completed in 4ms
16 timing npm:load:configload Completed in 4ms
17 timing npm:load:mkdirpcache Completed in 0ms
18 timing npm:load:mkdirplogs Completed in 0ms
19 verbose title npm install gsap @gsap/react three @react-three/fiber @react-three/drei clsx tailwind-merge framer-motion lucide-react
20 verbose argv "install" "gsap" "@gsap/react" "three" "@react-three/fiber" "@react-three/drei" "clsx" "tailwind-merge" "framer-motion" "lucide-react" "--legacy-peer-deps"
21 timing npm:load:setTitle Completed in 7ms
22 timing config:load:flatten Completed in 1ms
23 timing npm:load:display Completed in 1ms
24 verbose logfile logs-max:10 dir:/Users/rehdhil/Downloads/EME 23 Feb 6-27PM/EME/eme-react-app/.npm-cache/_logs/2026-02-24T00_15_16_575Z-
25 verbose logfile /Users/rehdhil/Downloads/EME 23 Feb 6-27PM/EME/eme-react-app/.npm-cache/_logs/2026-02-24T00_15_16_575Z-debug-0.log
26 timing npm:load:logFile Completed in 3ms
27 timing npm:load:timers Completed in 0ms
28 timing npm:load:configScope Completed in 0ms
29 timing npm:load Completed in 16ms
30 timing arborist:ctor Completed in 0ms
31 timing idealTree:init Completed in 92ms
32 timing idealTree:userRequests Completed in 1ms
33 silly idealTree buildDeps
34 silly fetch manifest gsap@*
35 silly logfile done cleaning log files
36 verbose shrinkwrap failed to load node_modules/.package-lock.json [Error: EPERM: operation not permitted, stat '/Users/rehdhil/Downloads/EME 23 Feb 6-27PM/EME/eme-react-app/node_modules'] {
36 verbose shrinkwrap   errno: -1,
36 verbose shrinkwrap   code: 'EPERM',
36 verbose shrinkwrap   syscall: 'stat',
36 verbose shrinkwrap   path: '/Users/rehdhil/Downloads/EME 23 Feb 6-27PM/EME/eme-react-app/node_modules'
36 verbose shrinkwrap }
37 http fetch GET 200 https://registry.npmjs.org/gsap 12ms (cache hit)
38 silly fetch manifest @gsap/react@*
39 http fetch GET 200 https://registry.npmjs.org/@gsap%2freact 2ms (cache hit)
40 silly fetch manifest three@*
41 http fetch GET 200 https://registry.npmjs.org/three 2ms (cache hit)
42 silly fetch manifest @react-three/fiber@*
43 http fetch GET 200 https://registry.npmjs.org/@react-three%2ffiber 2ms (cache hit)
44 silly fetch manifest @react-three/drei@*
45 http fetch GET 200 https://registry.npmjs.org/@react-three%2fdrei 251ms (cache miss)
46 silly fetch manifest clsx@*
47 http fetch GET 200 https://registry.npmjs.org/clsx 42ms (cache miss)
48 silly fetch manifest tailwind-merge@*
49 http fetch GET 200 https://registry.npmjs.org/tailwind-merge 54ms (cache miss)
50 silly fetch manifest framer-motion@*
51 http fetch GET 200 https://registry.npmjs.org/framer-motion 154ms (cache miss)
52 silly fetch manifest lucide-react@*
53 http fetch GET 200 https://registry.npmjs.org/lucide-react 65ms (cache miss)
54 silly placeDep ROOT @gsap/react@2.1.2 OK for: eme-react-app@0.1.0 want: *
55 silly placeDep ROOT @react-three/drei@10.7.7 OK for: eme-react-app@0.1.0 want: *
56 silly placeDep ROOT @react-three/fiber@9.5.0 OK for: eme-react-app@0.1.0 want: *
57 silly placeDep ROOT clsx@2.1.1 OK for: eme-react-app@0.1.0 want: *
58 silly placeDep ROOT framer-motion@12.34.3 OK for: eme-react-app@0.1.0 want: *
59 silly placeDep ROOT gsap@3.14.2 OK for: eme-react-app@0.1.0 want: *
60 silly placeDep ROOT lucide-react@0.575.0 OK for: eme-react-app@0.1.0 want: *
61 silly placeDep ROOT tailwind-merge@3.5.0 OK for: eme-react-app@0.1.0 want: *
62 silly placeDep ROOT three@0.183.1 OK for: eme-react-app@0.1.0 want: *
63 silly fetch manifest maath@^0.10.8
64 silly fetch manifest hls.js@^1.5.17
65 silly fetch manifest zustand@^5.0.1
66 silly fetch manifest meshline@^3.3.1
67 silly fetch manifest stats-gl@^2.2.8
68 silly fetch manifest stats.js@^0.17.0
69 silly fetch manifest cross-env@^7.0.3
70 silly fetch manifest detect-gpu@^5.0.56
71 silly fetch manifest glsl-noise@^0.0.0
72 silly fetch manifest tunnel-rat@^0.1.2
73 silly fetch manifest three-stdlib@^2.35.6
74 silly fetch manifest suspend-react@^0.1.3
75 silly fetch manifest utility-types@^3.11.0
76 silly fetch manifest @babel/runtime@^7.26.0
77 silly fetch manifest three-mesh-bvh@^0.8.3
78 silly fetch manifest camera-controls@^3.1.0
79 silly fetch manifest troika-three-text@^0.52.4
80 silly fetch manifest @use-gesture/react@^10.3.1
81 silly fetch manifest @monogrid/gainmap-js@^3.0.6
82 silly fetch manifest @mediapipe/tasks-vision@0.10.17
83 silly fetch manifest use-sync-external-store@^1.4.0
84 silly fetch manifest buffer@^6.0.3
85 silly fetch manifest zustand@^5.0.3
86 silly fetch manifest its-fine@^2.0.0
87 silly fetch manifest base64-js@^1.5.1
88 silly fetch manifest scheduler@^0.27.0
89 silly fetch manifest @types/webxr@*
90 silly fetch manifest @babel/runtime@^7.17.8
91 silly fetch manifest react-use-measure@^2.1.7
92 silly fetch manifest motion-dom@^12.34.3
93 silly fetch manifest motion-utils@^12.29.2
94 http fetch GET 200 https://registry.npmjs.org/meshline 115ms (cache miss)
95 http fetch GET 200 https://registry.npmjs.org/stats.js 135ms (cache miss)
96 http fetch GET 200 https://registry.npmjs.org/tunnel-rat 141ms (cache miss)
97 http fetch GET 200 https://registry.npmjs.org/suspend-react 151ms (cache miss)
98 http fetch GET 200 https://registry.npmjs.org/cross-env 163ms (cache miss)
99 http fetch GET 200 https://registry.npmjs.org/stats-gl 167ms (cache miss)
100 http fetch GET 200 https://registry.npmjs.org/zustand 167ms (cache miss)
101 http fetch GET 200 https://registry.npmjs.org/glsl-noise 171ms (cache miss)
102 http fetch GET 200 https://registry.npmjs.org/three-mesh-bvh 182ms (cache miss)
103 http fetch GET 200 https://registry.npmjs.org/camera-controls 183ms (cache miss)
104 http fetch GET 200 https://registry.npmjs.org/troika-three-text 186ms (cache miss)
105 http fetch GET 200 https://registry.npmjs.org/utility-types 188ms (cache miss)
106 http fetch GET 200 https://registry.npmjs.org/three-stdlib 219ms (cache miss)
107 http fetch GET 200 https://registry.npmjs.org/buffer 232ms (cache miss)
108 http fetch GET 200 https://registry.npmjs.org/base64-js 312ms (cache miss)
109 http fetch GET 200 https://registry.npmjs.org/motion-dom 413ms (cache miss)
110 http fetch GET 200 https://registry.npmjs.org/@monogrid%2fgainmap-js 436ms (cache miss)
111 http fetch GET 200 https://registry.npmjs.org/its-fine 494ms (cache miss)
112 http fetch GET 200 https://registry.npmjs.org/motion-utils 505ms (cache miss)
113 http fetch GET 200 https://registry.npmjs.org/zustand 518ms (cache miss)
114 http fetch GET 200 https://registry.npmjs.org/@babel%2fruntime 521ms (cache miss)
115 http fetch GET 200 https://registry.npmjs.org/@babel%2fruntime 538ms (cache miss)
116 http fetch GET 200 https://registry.npmjs.org/detect-gpu 542ms (cache miss)
117 http fetch GET 200 https://registry.npmjs.org/maath 545ms (cache miss)
118 http fetch GET 200 https://registry.npmjs.org/@mediapipe%2ftasks-vision 542ms (cache miss)
119 http fetch GET 200 https://registry.npmjs.org/@types%2fwebxr 539ms (cache miss)
120 http fetch GET 200 https://registry.npmjs.org/react-use-measure 555ms (cache miss)
121 http fetch GET 200 https://registry.npmjs.org/@use-gesture%2freact 708ms (cache miss)
122 http fetch GET 200 https://registry.npmjs.org/use-sync-external-store 878ms (cache miss)
123 http fetch GET 200 https://registry.npmjs.org/hls.js 1059ms (cache miss)
124 http fetch GET 200 https://registry.npmjs.org/scheduler 1265ms (cache miss)
125 timing idealTree:#root Completed in 1899ms
126 timing idealTree:node_modules/@gsap/react Completed in 0ms
127 silly placeDep ROOT @babel/runtime@7.28.6 OK for: @react-three/drei@10.7.7 want: ^7.26.0
128 silly placeDep ROOT @mediapipe/tasks-vision@0.10.17 OK for: @react-three/drei@10.7.7 want: 0.10.17
129 silly placeDep ROOT @monogrid/gainmap-js@3.4.0 OK for: @react-three/drei@10.7.7 want: ^3.0.6
130 silly placeDep ROOT @use-gesture/react@10.3.1 OK for: @react-three/drei@10.7.7 want: ^10.3.1
131 silly placeDep ROOT camera-controls@3.1.2 OK for: @react-three/drei@10.7.7 want: ^3.1.0
132 silly placeDep ROOT cross-env@7.0.3 OK for: @react-three/drei@10.7.7 want: ^7.0.3
133 silly placeDep ROOT detect-gpu@5.0.70 OK for: @react-three/drei@10.7.7 want: ^5.0.56
134 silly placeDep ROOT glsl-noise@0.0.0 OK for: @react-three/drei@10.7.7 want: ^0.0.0
135 silly placeDep ROOT hls.js@1.6.15 OK for: @react-three/drei@10.7.7 want: ^1.5.17
136 silly placeDep ROOT maath@0.10.8 OK for: @react-three/drei@10.7.7 want: ^0.10.8
137 silly placeDep ROOT meshline@3.3.1 OK for: @react-three/drei@10.7.7 want: ^3.3.1
138 silly placeDep ROOT stats-gl@2.4.2 OK for: @react-three/drei@10.7.7 want: ^2.2.8
139 silly placeDep ROOT stats.js@0.17.0 OK for: @react-three/drei@10.7.7 want: ^0.17.0
140 silly placeDep ROOT suspend-react@0.1.3 OK for: @react-three/drei@10.7.7 want: ^0.1.3
141 silly placeDep ROOT three-mesh-bvh@0.8.3 OK for: @react-three/drei@10.7.7 want: ^0.8.3
142 silly placeDep ROOT three-stdlib@2.36.1 OK for: @react-three/drei@10.7.7 want: ^2.35.6
143 silly placeDep ROOT troika-three-text@0.52.4 OK for: @react-three/drei@10.7.7 want: ^0.52.4
144 silly placeDep ROOT tunnel-rat@0.1.2 OK for: @react-three/drei@10.7.7 want: ^0.1.2
145 silly placeDep ROOT use-sync-external-store@1.6.0 OK for: @react-three/drei@10.7.7 want: ^1.4.0
146 silly placeDep ROOT utility-types@3.11.0 OK for: @react-three/drei@10.7.7 want: ^3.11.0
147 silly placeDep ROOT zustand@5.0.11 OK for: @react-three/drei@10.7.7 want: ^5.0.1
148 silly fetch manifest promise-worker-transferable@^1.0.4
149 silly fetch manifest @use-gesture/core@10.3.1
150 silly fetch manifest webgl-constants@^1.1.1
151 silly fetch manifest three@^0.170.0
152 silly fetch manifest @types/three@*
153 silly fetch manifest @types/draco3d@^1.4.0
154 silly fetch manifest @types/offscreencanvas@^2019.6.4
155 silly fetch manifest @types/webxr@^0.5.2
156 silly fetch manifest draco3d@^1.4.1
157 silly fetch manifest fflate@^0.6.9
158 silly fetch manifest potpack@^1.0.1
159 silly fetch manifest bidi-js@^1.0.2
160 silly fetch manifest troika-three-utils@^0.52.4
161 silly fetch manifest troika-worker-utils@^0.52.0
162 silly fetch manifest webgl-sdf-generator@1.1.1
163 silly fetch manifest zustand@^4.3.2
164 http fetch GET 200 https://registry.npmjs.org/promise-worker-transferable 50ms (cache miss)
165 http fetch GET 200 https://registry.npmjs.org/fflate 54ms (cache miss)
166 http fetch GET 200 https://registry.npmjs.org/webgl-constants 55ms (cache miss)
167 http fetch GET 200 https://registry.npmjs.org/bidi-js 56ms (cache miss)
168 http fetch GET 200 https://registry.npmjs.org/@types%2fdraco3d 57ms (cache miss)
169 http fetch GET 200 https://registry.npmjs.org/troika-three-utils 59ms (cache miss)
170 http fetch GET 200 https://registry.npmjs.org/@types%2foffscreencanvas 70ms (cache miss)
171 http fetch GET 200 https://registry.npmjs.org/troika-worker-utils 70ms (cache miss)
172 http fetch GET 200 https://registry.npmjs.org/@use-gesture%2fcore 79ms (cache miss)
173 http fetch GET 200 https://registry.npmjs.org/@types%2fthree 100ms (cache miss)
174 http fetch GET 200 https://registry.npmjs.org/potpack 314ms (cache miss)
175 http fetch GET 200 https://registry.npmjs.org/webgl-sdf-generator 316ms (cache miss)
176 http fetch GET 200 https://registry.npmjs.org/draco3d 332ms (cache miss)
177 timing idealTree:node_modules/@react-three/drei Completed in 345ms
178 timing idealTree:node_modules/@babel/runtime Completed in 0ms
179 timing idealTree:node_modules/@mediapipe/tasks-vision Completed in 0ms
180 silly placeDep ROOT promise-worker-transferable@1.0.4 OK for: @monogrid/gainmap-js@3.4.0 want: ^1.0.4
181 silly fetch manifest is-promise@^2.1.0
182 silly fetch manifest lie@^3.0.2
183 http fetch GET 200 https://registry.npmjs.org/lie 40ms (cache miss)
184 http fetch GET 200 https://registry.npmjs.org/is-promise 43ms (cache miss)
185 timing idealTree:node_modules/@monogrid/gainmap-js Completed in 44ms
186 silly placeDep ROOT @types/webxr@0.5.24 OK for: @react-three/fiber@9.5.0 want: *
187 silly placeDep ROOT base64-js@1.5.1 OK for: @react-three/fiber@9.5.0 want: ^1.5.1
188 silly placeDep ROOT buffer@6.0.3 OK for: @react-three/fiber@9.5.0 want: ^6.0.3
189 silly placeDep ROOT its-fine@2.0.0 OK for: @react-three/fiber@9.5.0 want: ^2.0.0
190 silly placeDep ROOT react-use-measure@2.1.7 OK for: @react-three/fiber@9.5.0 want: ^2.1.7
191 silly placeDep node_modules/@react-three/fiber scheduler@0.27.0 OK for: @react-three/fiber@9.5.0 want: ^0.27.0
192 silly fetch manifest ieee754@^1.2.1
193 silly fetch manifest @types/react-reconciler@^0.28.9
194 http fetch GET 200 https://registry.npmjs.org/@types%2freact-reconciler 45ms (cache miss)
195 http fetch GET 200 https://registry.npmjs.org/ieee754 49ms (cache miss)
196 timing idealTree:node_modules/@react-three/fiber Completed in 54ms
197 timing idealTree:node_modules/@types/webxr Completed in 0ms
198 silly placeDep ROOT @use-gesture/core@10.3.1 OK for: @use-gesture/react@10.3.1 want: 10.3.1
199 timing idealTree:node_modules/@use-gesture/react Completed in 1ms
200 timing idealTree:node_modules/@use-gesture/core Completed in 0ms
201 timing idealTree:node_modules/base64-js Completed in 0ms
202 silly placeDep ROOT ieee754@1.2.1 OK for: buffer@6.0.3 want: ^1.2.1
203 timing idealTree:node_modules/buffer Completed in 0ms
204 timing idealTree:node_modules/camera-controls Completed in 0ms
205 timing idealTree:node_modules/clsx Completed in 0ms
206 timing idealTree:node_modules/cross-env Completed in 0ms
207 silly placeDep ROOT webgl-constants@1.1.1 OK for: detect-gpu@5.0.70 want: ^1.1.1
208 timing idealTree:node_modules/detect-gpu Completed in 1ms
209 silly placeDep ROOT motion-dom@12.34.3 OK for: framer-motion@12.34.3 want: ^12.34.3
210 silly placeDep ROOT motion-utils@12.29.2 OK for: framer-motion@12.34.3 want: ^12.29.2
211 timing idealTree:node_modules/framer-motion Completed in 1ms
212 timing idealTree:node_modules/glsl-noise Completed in 0ms
213 timing idealTree:node_modules/gsap Completed in 0ms
214 timing idealTree:node_modules/hls.js Completed in 0ms
215 timing idealTree:node_modules/ieee754 Completed in 0ms
216 silly placeDep ROOT @types/react-reconciler@0.28.9 OK for: its-fine@2.0.0 want: ^0.28.9
217 timing idealTree:node_modules/its-fine Completed in 1ms
218 timing idealTree:node_modules/@types/react-reconciler Completed in 0ms
219 timing idealTree:node_modules/lucide-react Completed in 0ms
220 timing idealTree:node_modules/maath Completed in 0ms
221 timing idealTree:node_modules/meshline Completed in 0ms
222 timing idealTree:node_modules/motion-dom Completed in 0ms
223 timing idealTree:node_modules/motion-utils Completed in 0ms
224 silly placeDep ROOT is-promise@2.2.2 OK for: promise-worker-transferable@1.0.4 want: ^2.1.0
225 silly placeDep ROOT lie@3.3.0 OK for: promise-worker-transferable@1.0.4 want: ^3.0.2
226 silly fetch manifest immediate@~3.0.5
227 http fetch GET 200 https://registry.npmjs.org/immediate 46ms (cache miss)
228 timing idealTree:node_modules/promise-worker-transferable Completed in 48ms
229 timing idealTree:node_modules/is-promise Completed in 0ms
230 silly placeDep ROOT immediate@3.0.6 OK for: lie@3.3.0 want: ~3.0.5
231 timing idealTree:node_modules/lie Completed in 0ms
232 timing idealTree:node_modules/immediate Completed in 0ms
233 timing idealTree:node_modules/react-use-measure Completed in 0ms
234 silly placeDep ROOT @types/three@0.183.1 OK for: stats-gl@2.4.2 want: *
235 silly placeDep node_modules/stats-gl three@0.170.0 OK for: stats-gl@2.4.2 want: ^0.170.0
236 silly fetch manifest fflate@~0.8.2
237 silly fetch manifest @webgpu/types@*
238 silly fetch manifest meshoptimizer@~1.0.1
239 silly fetch manifest @types/stats.js@*
240 silly fetch manifest @tweenjs/tween.js@~23.1.3
241 silly fetch manifest @dimforge/rapier3d-compat@~0.12.0
242 http fetch GET 200 https://registry.npmjs.org/meshoptimizer 37ms (cache miss)
243 http fetch GET 200 https://registry.npmjs.org/@tweenjs%2ftween.js 48ms (cache miss)
244 http fetch GET 200 https://registry.npmjs.org/@types%2fstats.js 60ms (cache miss)
245 http fetch GET 200 https://registry.npmjs.org/@dimforge%2frapier3d-compat 308ms (cache miss)
246 http fetch GET 200 https://registry.npmjs.org/@webgpu%2ftypes 546ms (cache miss)
247 timing idealTree:node_modules/stats-gl Completed in 549ms
248 silly placeDep ROOT @dimforge/rapier3d-compat@0.12.0 OK for: @types/three@0.183.1 want: ~0.12.0
249 silly placeDep ROOT @tweenjs/tween.js@23.1.3 OK for: @types/three@0.183.1 want: ~23.1.3
250 silly placeDep ROOT @types/stats.js@0.17.4 OK for: @types/three@0.183.1 want: *
251 silly placeDep ROOT @webgpu/types@0.1.69 OK for: @types/three@0.183.1 want: *
252 silly placeDep ROOT fflate@0.8.2 OK for: @types/three@0.183.1 want: ~0.8.2
253 silly placeDep ROOT meshoptimizer@1.0.1 OK for: @types/three@0.183.1 want: ~1.0.1
254 timing idealTree:node_modules/@types/three Completed in 5ms
255 timing idealTree:node_modules/@dimforge/rapier3d-compat Completed in 0ms
256 timing idealTree:node_modules/@tweenjs/tween.js Completed in 0ms
257 timing idealTree:node_modules/@types/stats.js Completed in 0ms
258 timing idealTree:node_modules/@webgpu/types Completed in 0ms
259 timing idealTree:node_modules/fflate Completed in 0ms
260 timing idealTree:node_modules/meshoptimizer Completed in 0ms
261 timing idealTree:node_modules/stats.js Completed in 0ms
262 timing idealTree:node_modules/suspend-react Completed in 0ms
263 timing idealTree:node_modules/tailwind-merge Completed in 0ms
264 timing idealTree:node_modules/three Completed in 0ms
265 timing idealTree:node_modules/three-mesh-bvh Completed in 0ms
266 silly placeDep ROOT @types/draco3d@1.4.10 OK for: three-stdlib@2.36.1 want: ^1.4.0
267 silly placeDep ROOT @types/offscreencanvas@2019.7.3 OK for: three-stdlib@2.36.1 want: ^2019.6.4
268 silly placeDep ROOT draco3d@1.5.7 OK for: three-stdlib@2.36.1 want: ^1.4.1
269 silly placeDep node_modules/three-stdlib fflate@0.6.10 OK for: three-stdlib@2.36.1 want: ^0.6.9
270 silly placeDep ROOT potpack@1.0.2 OK for: three-stdlib@2.36.1 want: ^1.0.1
271 timing idealTree:node_modules/three-stdlib Completed in 2ms
272 timing idealTree:node_modules/@types/draco3d Completed in 0ms
273 timing idealTree:node_modules/@types/offscreencanvas Completed in 0ms
274 timing idealTree:node_modules/draco3d Completed in 0ms
275 timing idealTree:node_modules/potpack Completed in 0ms
276 silly placeDep ROOT bidi-js@1.0.3 OK for: troika-three-text@0.52.4 want: ^1.0.2
277 silly placeDep ROOT troika-three-utils@0.52.4 OK for: troika-three-text@0.52.4 want: ^0.52.4
278 silly placeDep ROOT troika-worker-utils@0.52.0 OK for: troika-three-text@0.52.4 want: ^0.52.0
279 silly placeDep ROOT webgl-sdf-generator@1.1.1 OK for: troika-three-text@0.52.4 want: 1.1.1
280 silly fetch manifest require-from-string@^2.0.2
281 http fetch GET 200 https://registry.npmjs.org/require-from-string 45ms (cache miss)
282 timing idealTree:node_modules/troika-three-text Completed in 47ms
283 silly placeDep ROOT require-from-string@2.0.2 OK for: bidi-js@1.0.3 want: ^2.0.2
284 timing idealTree:node_modules/bidi-js Completed in 1ms
285 timing idealTree:node_modules/require-from-string Completed in 0ms
286 timing idealTree:node_modules/troika-three-utils Completed in 0ms
287 timing idealTree:node_modules/troika-worker-utils Completed in 0ms
288 silly placeDep node_modules/tunnel-rat zustand@4.5.7 OK for: tunnel-rat@0.1.2 want: ^4.3.2
289 timing idealTree:node_modules/tunnel-rat Completed in 1ms
290 timing idealTree:node_modules/use-sync-external-store Completed in 0ms
291 timing idealTree:node_modules/utility-types Completed in 0ms
292 timing idealTree:node_modules/webgl-constants Completed in 0ms
293 timing idealTree:node_modules/webgl-sdf-generator Completed in 0ms
294 timing idealTree:node_modules/zustand Completed in 0ms
295 timing idealTree:node_modules/@react-three/fiber/node_modules/scheduler Completed in 0ms
296 timing idealTree:node_modules/stats-gl/node_modules/three Completed in 0ms
297 timing idealTree:node_modules/three-stdlib/node_modules/fflate Completed in 0ms
298 timing idealTree:node_modules/tunnel-rat/node_modules/zustand Completed in 0ms
299 timing idealTree:buildDeps Completed in 3003ms
300 timing idealTree:fixDepFlags Completed in 3ms
301 warn EBADENGINE Unsupported engine {
301 warn EBADENGINE   package: 'balanced-match@4.0.4',
301 warn EBADENGINE   required: { node: '18 || 20 || >=22' },
301 warn EBADENGINE   current: { node: 'v19.9.0', npm: '9.6.3' }
301 warn EBADENGINE }
302 warn EBADENGINE Unsupported engine {
302 warn EBADENGINE   package: 'brace-expansion@5.0.3',
302 warn EBADENGINE   required: { node: '18 || 20 || >=22' },
302 warn EBADENGINE   current: { node: 'v19.9.0', npm: '9.6.3' }
302 warn EBADENGINE }
303 warn EBADENGINE Unsupported engine {
303 warn EBADENGINE   package: 'camera-controls@3.1.2',
303 warn EBADENGINE   required: { node: '>=22.0.0', npm: '>=10.5.1' },
303 warn EBADENGINE   current: { node: 'v19.9.0', npm: '9.6.3' }
303 warn EBADENGINE }
304 timing idealTree Completed in 3106ms
305 timing reify:loadTrees Completed in 3106ms
306 timing reify:diffTrees Completed in 5ms
307 silly reify moves {}
308 timing reify:retireShallow Completed in 0ms
309 timing reify:rollback:createSparse Completed in 5ms
310 timing reify:rollback:retireShallow Completed in 0ms
311 timing command:install Completed in 3134ms
312 verbose stack Error: EPERM: operation not permitted, mkdir '/Users/rehdhil/Downloads/EME 23 Feb 6-27PM/EME/eme-react-app/node_modules/@react-three/fiber/node_modules'
313 verbose cwd /Users/rehdhil/Downloads/EME 23 Feb 6-27PM/EME/eme-react-app
314 verbose Darwin 25.3.0
315 verbose node v19.9.0
316 verbose npm  v9.6.3
317 error code EPERM
318 error syscall mkdir
319 error path /Users/rehdhil/Downloads/EME 23 Feb 6-27PM/EME/eme-react-app/node_modules/@react-three/fiber/node_modules
320 error errno -1
321 error [Error: EPERM: operation not permitted, mkdir '/Users/rehdhil/Downloads/EME 23 Feb 6-27PM/EME/eme-react-app/node_modules/@react-three/fiber/node_modules'] {
321 error   errno: -1,
321 error   code: 'EPERM',
321 error   syscall: 'mkdir',
321 error   path: '/Users/rehdhil/Downloads/EME 23 Feb 6-27PM/EME/eme-react-app/node_modules/@react-three/fiber/node_modules'
321 error }
322 error
322 error The operation was rejected by your operating system.
322 error It is likely you do not have the permissions to access this file as the current user
322 error
322 error If you believe this might be a permissions issue, please double-check the
322 error permissions of the file and its containing directories, or try running
322 error the command again as root/Administrator.
323 verbose exit -1
324 timing npm Completed in 3157ms
325 verbose unfinished npm timer reify 1771892116598
326 verbose unfinished npm timer reify:createSparse 1771892119712
327 verbose code -1
328 error A complete log of this run can be found in: /Users/rehdhil/Downloads/EME 23 Feb 6-27PM/EME/eme-react-app/.npm-cache/_logs/2026-02-24T00_15_16_575Z-debug-0.log
