0 verbose cli /Users/rehdhil/.nvm/versions/node/v19.9.0/bin/node /Users/rehdhil/.nvm/versions/node/v19.9.0/bin/npm
1 info using npm@9.6.3
2 info using node@v19.9.0
3 timing npm:load:whichnode Completed in 0ms
4 timing config:load:defaults Completed in 1ms
5 timing config:load:file:/Users/rehdhil/.nvm/versions/node/v19.9.0/lib/node_modules/npm/npmrc Completed in 1ms
6 timing config:load:builtin Completed in 1ms
7 timing config:load:cli Completed in 1ms
8 timing config:load:env Completed in 0ms
9 timing config:load:file:/Users/rehdhil/Downloads/EME 23 Feb 6-27PM/EME/eme-react-app/.npmrc Completed in 0ms
10 timing config:load:project Completed in 0ms
11 timing config:load:file:/Users/rehdhil/Downloads/EME 23 Feb 6-27PM/EME/eme-react-app/.npm_home/.npmrc Completed in 0ms
12 timing config:load:user Completed in 0ms
13 timing config:load:file:/Users/rehdhil/.nvm/versions/node/v19.9.0/etc/npmrc Completed in 0ms
14 timing config:load:global Completed in 1ms
15 timing config:load:setEnvs Completed in 0ms
16 timing config:load Completed in 4ms
17 timing npm:load:configload Completed in 4ms
18 timing npm:load:mkdirpcache Completed in 0ms
19 timing npm:load:mkdirplogs Completed in 0ms
20 verbose title npm run dev
21 verbose argv "run" "dev"
22 timing npm:load:setTitle Completed in 7ms
23 timing config:load:flatten Completed in 1ms
24 timing npm:load:display Completed in 2ms
25 verbose logfile logs-max:10 dir:/Users/rehdhil/Downloads/EME 23 Feb 6-27PM/EME/eme-react-app/.npm_home/.npm/_logs/2026-02-24T01_09_41_280Z-
26 verbose logfile /Users/rehdhil/Downloads/EME 23 Feb 6-27PM/EME/eme-react-app/.npm_home/.npm/_logs/2026-02-24T01_09_41_280Z-debug-0.log
27 timing npm:load:logFile Completed in 3ms
28 timing npm:load:timers Completed in 0ms
29 timing npm:load:configScope Completed in 0ms
30 timing npm:load Completed in 16ms
31 silly logfile done cleaning log files
32 timing command:run Completed in 118ms
33 verbose exit 1
34 timing npm Completed in 140ms
35 verbose code 1
